<?xml version="1.0" encoding="UTF-8"?>
<!-- Generated by org.testng.reporters.JUnitReportReporter -->
<testsuite hostname="LAPTOP-H5UIH76F" failures="0" tests="1" name="com.lambdatest.TestNGTodo2" time="4.745" errors="0" timestamp="2023-10-18T12:18:18 BST" skipped="0">
  <testcase classname="com.lambdatest.TestNGTodo2" name="basicTest" time="4.745"/>
  <system-out/>
</testsuite> <!-- com.lambdatest.TestNGTodo2 -->
